<?xml version="1.0" encoding="UTF-8"?>
<!-- Generated by org.testng.reporters.JUnitReportReporter -->
<testsuite hostname="YP1007034LT" failures="0" tests="1" name="com.automation.scripts.CreateSearchEmployeeTest" time="14.448" errors="0" timestamp="2021-12-15T11:09:37 IST" skipped="0">
  <testcase classname="com.automation.scripts.CreateSearchEmployeeTest" name="invokeCabParts" time="14.448"/>
  <system-out/>
</testsuite> <!-- com.automation.scripts.CreateSearchEmployeeTest -->
