<?xml version="1.0" encoding="UTF-8"?>
<!-- Generated by org.testng.reporters.JUnitReportReporter -->
<testsuite hostname="YP1007034LT" failures="0" tests="1" name="com.automation.scripts.Calculator" time="12.185" errors="0" timestamp="2023-03-03T14:27:53 IST" skipped="0">
  <testcase classname="com.automation.scripts.Calculator" name="addition" time="12.185"/>
  <system-out/>
</testsuite> <!-- com.automation.scripts.Calculator -->
