<?xml version="1.0" encoding="UTF-8"?>
<!-- Generated by org.testng.reporters.JUnitReportReporter -->
<testsuite hostname="YP1007034LT" failures="0" tests="3" name="com.automation.scripts.LeaveEntitlementsTest" time="86.372" errors="0" timestamp="2021-11-13T13:48:29 IST" skipped="0">
  <testcase classname="com.automation.scripts.LeaveEntitlementsTest" name="verifyLeaveEntitlement" time="30.681"/>
  <system-out/>
  <testcase classname="com.automation.scripts.LeaveEntitlementsTest" name="verifyLeaveEntitlement" time="27.604"/>
  <system-out/>
  <testcase classname="com.automation.scripts.LeaveEntitlementsTest" name="verifyLeaveEntitlement" time="28.087"/>
  <system-out/>
</testsuite> <!-- com.automation.scripts.LeaveEntitlementsTest -->
