<?xml version="1.0" encoding="UTF-8"?>
<!-- Generated by org.testng.reporters.JUnitReportReporter -->
<testsuite hostname="YP1007034LT" failures="0" tests="1" name="com.automation.scripts.OrangeHRM" time="25.046" errors="0" timestamp="2023-03-03T14:28:55 IST" skipped="0">
  <testcase classname="com.automation.scripts.OrangeHRM" name="verifyLoginPage" time="25.046"/>
  <system-out/>
</testsuite> <!-- com.automation.scripts.OrangeHRM -->
