<?xml version="1.0" encoding="UTF-8"?>
<!-- Generated by org.testng.reporters.JUnitReportReporter -->
<testsuite hostname="YP1007034LT" failures="0" tests="1" name="com.automation.scripts.PurchaseTest" time="29.721" errors="0" timestamp="2023-03-03T14:30:08 IST" skipped="0">
  <testcase classname="com.automation.scripts.PurchaseTest" name="addition" time="29.721"/>
  <system-out/>
</testsuite> <!-- com.automation.scripts.PurchaseTest -->
