<?xml version="1.0" encoding="UTF-8"?>
<!-- Generated by org.testng.reporters.JUnitReportReporter -->
<testsuite hostname="YP1007034LT" failures="0" tests="1" name="com.automation.scripts.SignUp" time="35.485" errors="0" timestamp="2022-01-04T12:35:08 IST" skipped="0">
  <testcase classname="com.automation.scripts.SignUp" name="verifySignUpPage" time="35.485"/>
  <system-out/>
</testsuite> <!-- com.automation.scripts.SignUp -->
